<?xml version="1.0" encoding="UTF-8"?>
<!-- Generated by org.testng.reporters.JUnitXMLReporter -->
<testsuite hostname="LAPTOP-G5N4TP14" name="Test" tests="1" failures="1" timestamp="24 Nov 2018 10:17:08 GMT" time="66.799" errors="0">
  <testcase name="testJenkin" time="66.66" classname="jdemo.JenkinsDem">
    <failure type="org.openqa.selenium.WebDriverException" message="Failed to connect to binary FirefoxBinary(C:\Program Files (x86)\Mozilla Firefox\firefox.exe) on port 7055; process output follows: 
8webdriver-profile\extensions.json
1543054587186	addons.xpi	DEBUG	New add-on fxdriver@googlecode.com installed in app-profile
*** Blocklist::_loadBlocklistFromFile: blocklist is disabled
1543054587921	addons.xpi-utils	DEBUG	Make addon app-profile:fxdriver@googlecode.com visible
1543054587923	DeferredSave.extensions.json	DEBUG	Save changes
1543054587927	DeferredSave.extensions.json	DEBUG	Save changes
1543054587928	addons.xpi	DEBUG	Updating XPIState for {&amp;quot;id&amp;quot;:&amp;quot;fxdriver@googlecode.com&amp;quot;,&amp;quot;syncGUID&amp;quot;:&amp;quot;bsg6oqc0_TwQ&amp;quot;,&amp;quot;location&amp;quot;:&amp;quot;app-profile&amp;quot;,&amp;quot;version&amp;quot;:&amp;quot;2.53.0&amp;quot;,&amp;quot;type&amp;quot;:&amp;quot;extension&amp;quot;,&amp;quot;internalName&amp;quot;:null,&amp;quot;updateURL&amp;quot;:null,&amp;quot;updateKey&amp;quot;:null,&amp;quot;optionsURL&amp;quot;:null,&amp;quot;optionsType&amp;quot;:null,&amp;quot;aboutURL&amp;quot;:null,&amp;quot;iconURL&amp;quot;:null,&amp;quot;icon64URL&amp;quot;:null,&amp;quot;defaultLocale&amp;quot;:{&amp;quot;name&amp;quot;:&amp;quot;Firefox WebDriver&amp;quot;,&amp;quot;description&amp;quot;:&amp;quot;WebDriver implementation for Firefox&amp;quot;,&amp;quot;creator&amp;quot;:&amp;quot;Simon Stewart&amp;quot;,&amp;quot;homepageURL&amp;quot;:null},&amp;quot;visible&amp;quot;:true,&amp;quot;active&amp;quot;:true,&amp;quot;userDisabled&amp;quot;:false,&amp;quot;appDisabled&amp;quot;:false,&amp;quot;descriptor&amp;quot;:&amp;quot;C:\\Users\\hp\\AppData\\Local\\Temp\\anonymous502588619234442118webdriver-profile\\extensions\\fxdriver@googlecode.com&amp;quot;,&amp;quot;installDate&amp;quot;:1543054572372,&amp;quot;updateDate&amp;quot;:1543054572372,&amp;quot;applyBackgroundUpdates&amp;quot;:1,&amp;quot;bootstrap&amp;quot;:false,&amp;quot;size&amp;quot;:3249525,&amp;quot;sourceURI&amp;quot;:null,&amp;quot;releaseNotesURI&amp;quot;:null,&amp;quot;softDisabled&amp;quot;:false,&amp;quot;foreignInstall&amp;quot;:true,&amp;quot;hasBinaryComponents&amp;quot;:true,&amp;quot;strictCompatibility&amp;quot;:false,&amp;quot;locales&amp;quot;:[],&amp;quot;targetApplications&amp;quot;:[{&amp;quot;id&amp;quot;:&amp;quot;{ec8030f7-c20a-464f-9b0e-13a3a9e97384}&amp;quot;,&amp;quot;minVersion&amp;quot;:&amp;quot;3.0&amp;quot;,&amp;quot;maxVersion&amp;quot;:&amp;quot;47.0&amp;quot;}],&amp;quot;targetPlatforms&amp;quot;:[{&amp;quot;os&amp;quot;:&amp;quot;Darwin&amp;quot;,&amp;quot;abi&amp;quot;:null},{&amp;quot;os&amp;quot;:&amp;quot;SunOS&amp;quot;,&amp;quot;abi&amp;quot;:null},{&amp;quot;os&amp;quot;:&amp;quot;FreeBSD&amp;quot;,&amp;quot;abi&amp;quot;:null},{&amp;quot;os&amp;quot;:&amp;quot;OpenBSD&amp;quot;,&amp;quot;abi&amp;quot;:null},{&amp;quot;os&amp;quot;:&amp;quot;WINNT&amp;quot;,&amp;quot;abi&amp;quot;:null},{&amp;quot;os&amp;quot;:&amp;quot;Linux&amp;quot;,&amp;quot;abi&amp;quot;:null}],&amp;quot;multiprocessCompatible&amp;quot;:false}
1543054587928	addons.xpi	DEBUG	getModTime: Recursive scan of fxdriver@googlecode.com
1543054587956	addons.xpi	DEBUG	New add-on {972ce4c6-7e08-4474-a285-3208198ce6fd} installed in app-global
1543054587995	addons.xpi-utils	DEBUG	Make addon app-global:{972ce4c6-7e08-4474-a285-3208198ce6fd} visible
1543054587995	DeferredSave.extensions.json	DEBUG	Save changes
1543054587995	DeferredSave.extensions.json	DEBUG	Save changes
1543054587996	addons.xpi	DEBUG	Updating XPIState for {&amp;quot;id&amp;quot;:&amp;quot;{972ce4c6-7e08-4474-a285-3208198ce6fd}&amp;quot;,&amp;quot;syncGUID&amp;quot;:&amp;quot;cOUV1VIQuJDT&amp;quot;,&amp;quot;location&amp;quot;:&amp;quot;app-global&amp;quot;,&amp;quot;version&amp;quot;:&amp;quot;36.0.4&amp;quot;,&amp;quot;type&amp;quot;:&amp;quot;theme&amp;quot;,&amp;quot;internalName&amp;quot;:&amp;quot;classic/1.0&amp;quot;,&amp;quot;updateURL&amp;quot;:null,&amp;quot;updateKey&amp;quot;:null,&amp;quot;optionsURL&amp;quot;:null,&amp;quot;optionsType&amp;quot;:null,&amp;quot;aboutURL&amp;quot;:null,&amp;quot;iconURL&amp;quot;:null,&amp;quot;icon64URL&amp;quot;:null,&amp;quot;defaultLocale&amp;quot;:{&amp;quot;name&amp;quot;:&amp;quot;Default&amp;quot;,&amp;quot;description&amp;quot;:&amp;quot;The default theme.&amp;quot;,&amp;quot;creator&amp;quot;:&amp;quot;Mozilla&amp;quot;,&amp;quot;homepageURL&amp;quot;:null,&amp;quot;contributors&amp;quot;:[&amp;quot;Mozilla Contributors&amp;quot;]},&amp;quot;visible&amp;quot;:true,&amp;quot;active&amp;quot;:true,&amp;quot;userDisabled&amp;quot;:false,&amp;quot;appDisabled&amp;quot;:false,&amp;quot;descriptor&amp;quot;:&amp;quot;C:\\Program Files (x86)\\Mozilla Firefox\\browser\\extensions\\{972ce4c6-7e08-4474-a285-3208198ce6fd}&amp;quot;,&amp;quot;installDate&amp;quot;:1524204965254,&amp;quot;updateDate&amp;quot;:1524204965254,&amp;quot;applyBackgroundUpdates&amp;quot;:1,&amp;quot;skinnable&amp;quot;:true,&amp;quot;size&amp;quot;:3175,&amp;quot;sourceURI&amp;quot;:null,&amp;quot;releaseNotesURI&amp;quot;:null,&amp;quot;softDisabled&amp;quot;:false,&amp;quot;foreignInstall&amp;quot;:false,&amp;quot;hasBinaryComponents&amp;quot;:false,&amp;quot;strictCompatibility&amp;quot;:true,&amp;quot;locales&amp;quot;:[],&amp;quot;targetApplications&amp;quot;:[{&amp;quot;id&amp;quot;:&amp;quot;{ec8030f7-c20a-464f-9b0e-13a3a9e97384}&amp;quot;,&amp;quot;minVersion&amp;quot;:&amp;quot;36.0.4&amp;quot;,&amp;quot;maxVersion&amp;quot;:&amp;quot;36.0.4&amp;quot;}],&amp;quot;targetPlatforms&amp;quot;:[]}
1543054587996	addons.xpi	DEBUG	getModTime: Recursive scan of {972ce4c6-7e08-4474-a285-3208198ce6fd}
1543054587999	addons.xpi	DEBUG	Updating database with changes to installed add-ons
1543054587999	addons.xpi-utils	DEBUG	Updating add-on states
1543054588002	addons.xpi-utils	DEBUG	Writing add-ons list
1543054588016	addons.manager	DEBUG	Registering shutdown blocker for XPIProvider
1543054588017	addons.manager	DEBUG	Registering shutdown blocker for LightweightThemeManager
1543054588019	addons.manager	DEBUG	Registering shutdown blocker for OpenH264Provider
1543054588020	addons.manager	DEBUG	Registering shutdown blocker for PluginProvider
1543054620587	DeferredSave.extensions.json	DEBUG	Starting timer
1543054620781	DeferredSave.extensions.json	DEBUG	Starting write
1543054621721	DeferredSave.extensions.json	DEBUG	Write succeeded
1543054621721	addons.xpi-utils	DEBUG	XPI Database saved, setting schema version preference to 16

Build info: version: &amp;apos;2.53.0&amp;apos;, revision: &amp;apos;35ae25b&amp;apos;, time: &amp;apos;2016-03-15 16:57:40&amp;apos;
System info: host: &amp;apos;LAPTOP-G5N4TP14&amp;apos;, ip: &amp;apos;192.168.137.1&amp;apos;, os.name: &amp;apos;Windows 10&amp;apos;, os.arch: &amp;apos;amd64&amp;apos;, os.version: &amp;apos;10.0&amp;apos;, java.version: &amp;apos;1.8.0_161&amp;apos;
Driver info: driver.version: FirefoxDriver">
      <![CDATA[org.openqa.selenium.WebDriverException: Failed to connect to binary FirefoxBinary(C:\Program Files (x86)\Mozilla Firefox\firefox.exe) on port 7055; process output follows: 
8webdriver-profile\extensions.json
1543054587186	addons.xpi	DEBUG	New add-on fxdriver@googlecode.com installed in app-profile
*** Blocklist::_loadBlocklistFromFile: blocklist is disabled
1543054587921	addons.xpi-utils	DEBUG	Make addon app-profile:fxdriver@googlecode.com visible
1543054587923	DeferredSave.extensions.json	DEBUG	Save changes
1543054587927	DeferredSave.extensions.json	DEBUG	Save changes
1543054587928	addons.xpi	DEBUG	Updating XPIState for {"id":"fxdriver@googlecode.com","syncGUID":"bsg6oqc0_TwQ","location":"app-profile","version":"2.53.0","type":"extension","internalName":null,"updateURL":null,"updateKey":null,"optionsURL":null,"optionsType":null,"aboutURL":null,"iconURL":null,"icon64URL":null,"defaultLocale":{"name":"Firefox WebDriver","description":"WebDriver implementation for Firefox","creator":"Simon Stewart","homepageURL":null},"visible":true,"active":true,"userDisabled":false,"appDisabled":false,"descriptor":"C:\\Users\\hp\\AppData\\Local\\Temp\\anonymous502588619234442118webdriver-profile\\extensions\\fxdriver@googlecode.com","installDate":1543054572372,"updateDate":1543054572372,"applyBackgroundUpdates":1,"bootstrap":false,"size":3249525,"sourceURI":null,"releaseNotesURI":null,"softDisabled":false,"foreignInstall":true,"hasBinaryComponents":true,"strictCompatibility":false,"locales":[],"targetApplications":[{"id":"{ec8030f7-c20a-464f-9b0e-13a3a9e97384}","minVersion":"3.0","maxVersion":"47.0"}],"targetPlatforms":[{"os":"Darwin","abi":null},{"os":"SunOS","abi":null},{"os":"FreeBSD","abi":null},{"os":"OpenBSD","abi":null},{"os":"WINNT","abi":null},{"os":"Linux","abi":null}],"multiprocessCompatible":false}
1543054587928	addons.xpi	DEBUG	getModTime: Recursive scan of fxdriver@googlecode.com
1543054587956	addons.xpi	DEBUG	New add-on {972ce4c6-7e08-4474-a285-3208198ce6fd} installed in app-global
1543054587995	addons.xpi-utils	DEBUG	Make addon app-global:{972ce4c6-7e08-4474-a285-3208198ce6fd} visible
1543054587995	DeferredSave.extensions.json	DEBUG	Save changes
1543054587995	DeferredSave.extensions.json	DEBUG	Save changes
1543054587996	addons.xpi	DEBUG	Updating XPIState for {"id":"{972ce4c6-7e08-4474-a285-3208198ce6fd}","syncGUID":"cOUV1VIQuJDT","location":"app-global","version":"36.0.4","type":"theme","internalName":"classic/1.0","updateURL":null,"updateKey":null,"optionsURL":null,"optionsType":null,"aboutURL":null,"iconURL":null,"icon64URL":null,"defaultLocale":{"name":"Default","description":"The default theme.","creator":"Mozilla","homepageURL":null,"contributors":["Mozilla Contributors"]},"visible":true,"active":true,"userDisabled":false,"appDisabled":false,"descriptor":"C:\\Program Files (x86)\\Mozilla Firefox\\browser\\extensions\\{972ce4c6-7e08-4474-a285-3208198ce6fd}","installDate":1524204965254,"updateDate":1524204965254,"applyBackgroundUpdates":1,"skinnable":true,"size":3175,"sourceURI":null,"releaseNotesURI":null,"softDisabled":false,"foreignInstall":false,"hasBinaryComponents":false,"strictCompatibility":true,"locales":[],"targetApplications":[{"id":"{ec8030f7-c20a-464f-9b0e-13a3a9e97384}","minVersion":"36.0.4","maxVersion":"36.0.4"}],"targetPlatforms":[]}
1543054587996	addons.xpi	DEBUG	getModTime: Recursive scan of {972ce4c6-7e08-4474-a285-3208198ce6fd}
1543054587999	addons.xpi	DEBUG	Updating database with changes to installed add-ons
1543054587999	addons.xpi-utils	DEBUG	Updating add-on states
1543054588002	addons.xpi-utils	DEBUG	Writing add-ons list
1543054588016	addons.manager	DEBUG	Registering shutdown blocker for XPIProvider
1543054588017	addons.manager	DEBUG	Registering shutdown blocker for LightweightThemeManager
1543054588019	addons.manager	DEBUG	Registering shutdown blocker for OpenH264Provider
1543054588020	addons.manager	DEBUG	Registering shutdown blocker for PluginProvider
1543054620587	DeferredSave.extensions.json	DEBUG	Starting timer
1543054620781	DeferredSave.extensions.json	DEBUG	Starting write
1543054621721	DeferredSave.extensions.json	DEBUG	Write succeeded
1543054621721	addons.xpi-utils	DEBUG	XPI Database saved, setting schema version preference to 16

Build info: version: '2.53.0', revision: '35ae25b', time: '2016-03-15 16:57:40'
System info: host: 'LAPTOP-G5N4TP14', ip: '192.168.137.1', os.name: 'Windows 10', os.arch: 'amd64', os.version: '10.0', java.version: '1.8.0_161'
Driver info: driver.version: FirefoxDriver
	at org.openqa.selenium.firefox.internal.NewProfileExtensionConnection.start(NewProfileExtensionConnection.java:124)
	at org.openqa.selenium.firefox.FirefoxDriver.startClient(FirefoxDriver.java:271)
	at org.openqa.selenium.remote.RemoteWebDriver.<init>(RemoteWebDriver.java:119)
	at org.openqa.selenium.firefox.FirefoxDriver.<init>(FirefoxDriver.java:218)
	at org.openqa.selenium.firefox.FirefoxDriver.<init>(FirefoxDriver.java:211)
	at org.openqa.selenium.firefox.FirefoxDriver.<init>(FirefoxDriver.java:207)
	at org.openqa.selenium.firefox.FirefoxDriver.<init>(FirefoxDriver.java:120)
	at jdemo.JenkinsDem.testJenkin(JenkinsDem.java:11)
Caused by: org.openqa.selenium.firefox.NotConnectedException: Unable to connect to host 127.0.0.1 on port 7055 after 45000 ms. Firefox console output:
8webdriver-profile\extensions.json
1543054587186	addons.xpi	DEBUG	New add-on fxdriver@googlecode.com installed in app-profile
*** Blocklist::_loadBlocklistFromFile: blocklist is disabled
1543054587921	addons.xpi-utils	DEBUG	Make addon app-profile:fxdriver@googlecode.com visible
1543054587923	DeferredSave.extensions.json	DEBUG	Save changes
1543054587927	DeferredSave.extensions.json	DEBUG	Save changes
1543054587928	addons.xpi	DEBUG	Updating XPIState for {"id":"fxdriver@googlecode.com","syncGUID":"bsg6oqc0_TwQ","location":"app-profile","version":"2.53.0","type":"extension","internalName":null,"updateURL":null,"updateKey":null,"optionsURL":null,"optionsType":null,"aboutURL":null,"iconURL":null,"icon64URL":null,"defaultLocale":{"name":"Firefox WebDriver","description":"WebDriver implementation for Firefox","creator":"Simon Stewart","homepageURL":null},"visible":true,"active":true,"userDisabled":false,"appDisabled":false,"descriptor":"C:\\Users\\hp\\AppData\\Local\\Temp\\anonymous502588619234442118webdriver-profile\\extensions\\fxdriver@googlecode.com","installDate":1543054572372,"updateDate":1543054572372,"applyBackgroundUpdates":1,"bootstrap":false,"size":3249525,"sourceURI":null,"releaseNotesURI":null,"softDisabled":false,"foreignInstall":true,"hasBinaryComponents":true,"strictCompatibility":false,"locales":[],"targetApplications":[{"id":"{ec8030f7-c20a-464f-9b0e-13a3a9e97384}","minVersion":"3.0","maxVersion":"47.0"}],"targetPlatforms":[{"os":"Darwin","abi":null},{"os":"SunOS","abi":null},{"os":"FreeBSD","abi":null},{"os":"OpenBSD","abi":null},{"os":"WINNT","abi":null},{"os":"Linux","abi":null}],"multiprocessCompatible":false}
1543054587928	addons.xpi	DEBUG	getModTime: Recursive scan of fxdriver@googlecode.com
1543054587956	addons.xpi	DEBUG	New add-on {972ce4c6-7e08-4474-a285-3208198ce6fd} installed in app-global
1543054587995	addons.xpi-utils	DEBUG	Make addon app-global:{972ce4c6-7e08-4474-a285-3208198ce6fd} visible
1543054587995	DeferredSave.extensions.json	DEBUG	Save changes
1543054587995	DeferredSave.extensions.json	DEBUG	Save changes
1543054587996	addons.xpi	DEBUG	Updating XPIState for {"id":"{972ce4c6-7e08-4474-a285-3208198ce6fd}","syncGUID":"cOUV1VIQuJDT","location":"app-global","version":"36.0.4","type":"theme","internalName":"classic/1.0","updateURL":null,"updateKey":null,"optionsURL":null,"optionsType":null,"aboutURL":null,"iconURL":null,"icon64URL":null,"defaultLocale":{"name":"Default","description":"The default theme.","creator":"Mozilla","homepageURL":null,"contributors":["Mozilla Contributors"]},"visible":true,"active":true,"userDisabled":false,"appDisabled":false,"descriptor":"C:\\Program Files (x86)\\Mozilla Firefox\\browser\\extensions\\{972ce4c6-7e08-4474-a285-3208198ce6fd}","installDate":1524204965254,"updateDate":1524204965254,"applyBackgroundUpdates":1,"skinnable":true,"size":3175,"sourceURI":null,"releaseNotesURI":null,"softDisabled":false,"foreignInstall":false,"hasBinaryComponents":false,"strictCompatibility":true,"locales":[],"targetApplications":[{"id":"{ec8030f7-c20a-464f-9b0e-13a3a9e97384}","minVersion":"36.0.4","maxVersion":"36.0.4"}],"targetPlatforms":[]}
1543054587996	addons.xpi	DEBUG	getModTime: Recursive scan of {972ce4c6-7e08-4474-a285-3208198ce6fd}
1543054587999	addons.xpi	DEBUG	Updating database with changes to installed add-ons
1543054587999	addons.xpi-utils	DEBUG	Updating add-on states
1543054588002	addons.xpi-utils	DEBUG	Writing add-ons list
1543054588016	addons.manager	DEBUG	Registering shutdown blocker for XPIProvider
1543054588017	addons.manager	DEBUG	Registering shutdown blocker for LightweightThemeManager
1543054588019	addons.manager	DEBUG	Registering shutdown blocker for OpenH264Provider
1543054588020	addons.manager	DEBUG	Registering shutdown blocker for PluginProvider
1543054620587	DeferredSave.extensions.json	DEBUG	Starting timer
1543054620781	DeferredSave.extensions.json	DEBUG	Starting write
1543054621721	DeferredSave.extensions.json	DEBUG	Write succeeded
1543054621721	addons.xpi-utils	DEBUG	XPI Database saved, setting schema version preference to 16

	at org.openqa.selenium.firefox.internal.NewProfileExtensionConnection.start(NewProfileExtensionConnection.java:112)
	... 30 more
... Removed 23 stack frames]]>
    </failure>
  </testcase> <!-- testJenkin -->
</testsuite> <!-- Test -->
